let m = hashdict [foo=>99,bar=>bar 4711L,baz=>1..5];
m;
hashdict [baz=>[1,2,3,4,5],foo=>99,bar=>bar 4711L]
def {$$} = hashdict [];
def {$xs@(_,_)$} = hashdict (__list__ xs);
def {$x$} = hashdict [x];
hashdict_symbol ({$ $});
()
let m = hashdict [foo=>99,bar=>bar 4711L,baz=>1..5];
m;
{$baz=>[1,2,3,4,5],foo=>99,bar=>bar 4711L$}
hashdict_symbol hashdict;
()
m;
hashdict [baz=>[1,2,3,4,5],foo=>99,bar=>bar 4711L]
m!bar;
bar 4711L
keys m;
[baz,foo,bar]
vals m;
[[1,2,3,4,5],99,bar 4711L]
list m;
[baz=>[1,2,3,4,5],foo=>99,bar=>bar 4711L]
member m foo,member m bar;
1,1
let m1 = copy m;
delete m foo;
hashdict [baz=>[1,2,3,4,5],bar=>bar 4711L]
m1;
hashdict [baz=>[1,2,3,4,5],foo=>99,bar=>bar 4711L]
m!foo;
<stdin>, line 76: unhandled exception 'out_of_bounds' while evaluating 'm!foo'
keys m;
[baz,bar]
vals m;
[[1,2,3,4,5],bar 4711L]
list m;
[baz=>[1,2,3,4,5],bar=>bar 4711L]
member m foo,member m bar;
0,1
catmap (\__v3__ -> case __v3__ of x=>y = [(x,y)]; _ = [] end) m1;
[(baz,[1,2,3,4,5]),(foo,99),(bar,bar 4711L)]
colcatmap (\__v4__ -> case __v4__ of x=>y = if listp y then {(x,y)} else {}; _ = {} end) m1;
{(baz,[1,2,3,4,5])}
m===m,m===m1,m===copy m,hashdict [97=>98,"a"=>"b"]===hashdict ["a"=>"b",97=>98];
1,0,1,0
m==m,m==m1,m==copy m,hashdict [97=>98,"a"=>"b"]==hashdict ["a"=>"b",97=>98];
1,0,1,1
m<=m1,m<m1,m>=m,m>m;
1,1,1,0
let m = hashdict [99,bar 4711L,1..5];
m;
hashdict [[1,2,3,4,5],99,bar 4711L]
member m 99;
1
m!99;
99
delete m 99;
hashdict [[1,2,3,4,5],bar 4711L]
member m 99;
0
m!99;
<stdin>, line 118: unhandled exception 'out_of_bounds' while evaluating 'm!99'
insert m 99;
hashdict [99,[1,2,3,4,5],bar 4711L]
delete m (bar 4711L);
hashdict [99,[1,2,3,4,5]]
insert m (bar=>bar 4711L);
hashdict [99,[1,2,3,4,5],bar=>bar 4711L]
m!99;
99
m!bar;
bar 4711L
let m1 = hashdict [5,1,3,11,3];
let m2 = hashdict (3..6);
m1;
hashdict [11,1,3,5]
m2;
hashdict [3,4,5,6]
m1+m2;
hashdict [11,1,3,4,5,6]
m1-m2;
hashdict [11,1]
m1*m2;
hashdict [3,5]
hashdict [foo=>99,baz=>1..5]+hashdict [bar=>bar 4711L];
hashdict [baz=>[1,2,3,4,5],foo=>99,bar=>bar 4711L]
let m1 = hashmdict [5,1,3,11,3];
let m2 = hashmdict (3..6);
m1;
hashmdict [11,1,3,3,5]
m2;
hashmdict [3,4,5,6]
m1+m2;
hashmdict [11,1,3,3,3,4,5,5,6]
m1-m2;
hashmdict [11,1,3]
m1*m2;
hashmdict [3,5]
let m = hashmdict [foo=>99,baz=>1..5]+hashmdict [baz=>bar 4711L];
m;
hashmdict [baz=>[1,2,3,4,5],baz=>bar 4711L,foo=>99]
m!![foo,bar,baz];
[[99],[],[[1,2,3,4,5],bar 4711L]]
hashmdict [97=>98,97=>99]===hashmdict [97=>99,97=>98];
0
hashmdict [97=>98,97=>99]==hashmdict [97=>99,97=>98];
1
let x,y = "x","y";
let v,w = {x,y},{x,y};
v==w,v===w,hash v==hash w;
1,1,1
let hd1 = hashdict [v,w];
let hd2 = hashdict [w,v];
hd1==hd2,hd1===hd2,hash hd1==hash hd2;
1,1,1
let hd1 = hashmdict [v,w];
let hd2 = hashmdict [w,v];
hd1==hd2,hd1===hd2,hash hd1==hash hd2;
1,1,1
