let m = orddict ["foo"=>99,"bar"=>bar 4711L,"baz"=>1..5];
m;
orddict ["bar"=>bar 4711L,"baz"=>[1,2,3,4,5],"foo"=>99]
def {$$} = orddict [];
def {$xs@(_,_)$} = orddict (__list__ xs);
def {$x$} = orddict [x];
orddict_symbol ({$ $});
()
let m = orddict ["foo"=>99,"bar"=>bar 4711L,"baz"=>1..5];
m;
{$"bar"=>bar 4711L,"baz"=>[1,2,3,4,5],"foo"=>99$}
orddict_symbol orddict;
()
m;
orddict ["bar"=>bar 4711L,"baz"=>[1,2,3,4,5],"foo"=>99]
m!"bar";
bar 4711L
keys m;
["bar","baz","foo"]
vals m;
[bar 4711L,[1,2,3,4,5],99]
list m;
["bar"=>bar 4711L,"baz"=>[1,2,3,4,5],"foo"=>99]
member m "foo",member m "bar";
1,1
let m1 = copy m;
delete m "foo";
orddict ["bar"=>bar 4711L,"baz"=>[1,2,3,4,5]]
m1;
orddict ["bar"=>bar 4711L,"baz"=>[1,2,3,4,5],"foo"=>99]
m!"foo";
<stdin>, line 75: unhandled exception 'out_of_bounds' while evaluating 'm!"foo"'
keys m;
["bar","baz"]
vals m;
[bar 4711L,[1,2,3,4,5]]
list m;
["bar"=>bar 4711L,"baz"=>[1,2,3,4,5]]
member m "foo",member m "bar";
0,1
listmap (\(x=>y) -> x,y) m1;
[("bar",bar 4711L),("baz",[1,2,3,4,5]),("foo",99)]
colcatmap (\(x=>y) -> if listp y then {(x,y)} else {}) m1;
{("baz",[1,2,3,4,5])}
m===m,m===m1,m===copy m,orddict [97=>98]===orddict [97.0=>98];
1,0,1,0
member (orddict [97=>98]) 97.0;
1
m==m,m==m1,m==copy m,orddict [97=>98]==orddict [97.0=>98];
1,0,1,1
x::orddict<=y::orddict = x===y||(all (member y) xks&&vals x===listmap (\k -> y!k) xks when xks = keys x end);
x::orddict>=y::orddict = x===y||(all (member x) yks&&vals y===listmap (\k -> x!k) yks when yks = keys y end);
x::orddict<y::orddict = x<=y&&#x<#y;
x::orddict>y::orddict = x>=y&&#x>#y;
m<=m1,m<m1,m>=m,m>m;
1,1,1,0
let m = orddict [99,4711L,1.0];
m;
orddict [1.0,99,4711L]
member m 99;
1
m!99;
99
delete m 99;
orddict [1.0,4711L]
member m 99;
0
m!99;
<stdin>, line 130: unhandled exception 'out_of_bounds' while evaluating 'm!99'
insert m 99;
orddict [1.0,99,4711L]
delete m 4711L;
orddict [1.0,99]
insert m (88=>bar 4711L);
orddict [1.0,88=>bar 4711L,99]
m!99;
99
m!88;
bar 4711L
x::ordxdict+y::ordxdict = foldl insert (copy x) (list y);
x::ordxdict-y::ordxdict = foldl delete (copy x) (list y);
x::ordxdict*y::ordxdict = x-(x-y);
let m1 = orddict [5,1,3,11,3];
let m2 = orddict (3..6);
m1;
orddict [1,3,5,11]
m2;
orddict [3,4,5,6]
m1+m2;
orddict [1,3,4,5,6,11]
m1-m2;
orddict [1,11]
m1*m2;
orddict [3,5]
orddict ["foo"=>99,"baz"=>1..5]+orddict ["bar"=>bar 4711L];
orddict ["bar"=>bar 4711L,"baz"=>[1,2,3,4,5],"foo"=>99]
let m1 = ordmdict [5,1,3,11,3];
let m2 = ordmdict (3..6);
m1;
ordmdict [1,3,3,5,11]
m2;
ordmdict [3,4,5,6]
m1+m2;
ordmdict [1,3,3,3,4,5,5,6,11]
m1-m2;
ordmdict [1,3,11]
m1*m2;
ordmdict [3,5]
let m = ordmdict ["foo"=>99,"baz"=>1..5]+ordmdict ["baz"=>bar 4711L];
m;
ordmdict ["baz"=>[1,2,3,4,5],"baz"=>bar 4711L,"foo"=>99]
m!!["foo","bar","baz"];
[[99],[],[[1,2,3,4,5],bar 4711L]]
ordmdict [97=>98,97.0=>99]===ordmdict [97.0=>98,97=>99];
0
ordmdict [97=>98,97.0=>99]==ordmdict [97.0=>98,97=>99];
1
