let m = hashmap [foo=>99,bar=>bar 4711L,baz=>1..5];
m;
hashmap [foo=>99,bar=>bar 4711L,baz=>[1,2,3,4,5]]
def {$$} = hashmap [];
def {$xs@(_,_)$} = hashmap (__list__ xs);
def {$x$} = hashmap [x];
hashmap_symbol ({$ $});
()
let m = hashmap [foo=>99,bar=>bar 4711L,baz=>1..5];
m;
{$foo=>99,bar=>bar 4711L,baz=>[1,2,3,4,5]$}
m!bar;
bar 4711L
keys m;
[foo,bar,baz]
vals m;
[99,bar 4711L,[1,2,3,4,5]]
list m;
[foo=>99,bar=>bar 4711L,baz=>[1,2,3,4,5]]
member m foo,member m bar;
1,1
let m1 = hashmap_copy m;
delete m foo;
{$bar=>bar 4711L,baz=>[1,2,3,4,5]$}
m1;
{$foo=>99,bar=>bar 4711L,baz=>[1,2,3,4,5]$}
m!foo;
<stdin>, line 68: unhandled exception 'out_of_bounds' while evaluating 'm!foo'
keys m;
[bar,baz]
vals m;
[bar 4711L,[1,2,3,4,5]]
list m;
[bar=>bar 4711L,baz=>[1,2,3,4,5]]
member m foo,member m bar;
0,1
listmap (\(x=>y) -> x,y) m1;
[(foo,99),(bar,bar 4711L),(baz,[1,2,3,4,5])]
colcatmap (\(x=>y) -> if listp y then {(x,y)} else {}) m1;
{(baz,[1,2,3,4,5])}
m===m,m===m1,m===hashmap_copy m,m===hashmap [bar=>bar 4711L,baz=>[1,2,3,4,5]];
1,0,0,0
m==m,m==m1,m==hashmap_copy m,m==hashmap [bar=>bar 4711L,baz=>[1,2,3,4,5]];
1,0,1,1
x::hashmap<=y::hashmap = x===y||(all (member y) xks&&vals x===listmap (\k -> y!k) xks when xks = keys x end);
x::hashmap>=y::hashmap = x===y||(all (member x) yks&&vals y===listmap (\k -> x!k) yks when yks = keys y end);
x::hashmap<y::hashmap = x<=y&&#x<#y;
x::hashmap>y::hashmap = x>=y&&#x>#y;
m<=m1,m<m1,m>=m,m>m;
1,1,1,0
let m = hashmap [99,bar 4711L,1..5];
m;
{$[1,2,3,4,5],bar 4711L,99$}
member m 99;
1
m!99;
99
delete m 99;
{$[1,2,3,4,5],bar 4711L$}
member m 99;
0
m!99;
<stdin>, line 116: unhandled exception 'out_of_bounds' while evaluating 'm!99'
insert m 99;
{$99,[1,2,3,4,5],bar 4711L$}
delete m (bar 4711L);
{$99,[1,2,3,4,5]$}
insert m (bar=>bar 4711L);
{$99,[1,2,3,4,5],bar=>bar 4711L$}
m!99;
99
m!bar;
bar 4711L
x::hashmap+y::hashmap = foldl insert (hashmap_copy x) (list y);
x::hashmap-y::hashmap = foldl delete (hashmap_copy x) (keys y);
x::hashmap*y::hashmap = x-(x-y);
let m1 = hashmap [5,1,3,11,3];
let m2 = hashmap (3..6);
m1;
{$11,1,3,5$}
m2;
{$3,4,5,6$}
m1+m2;
{$11,1,3,4,5,6$}
m1-m2;
{$11,1$}
m1*m2;
{$3,5$}
hashmap [foo=>99,baz=>1..5]+hashmap [bar=>bar 4711L];
{$foo=>99,bar=>bar 4711L,baz=>[1,2,3,4,5]$}
